13H:2M:37S : DEBUT DU PROGRAMME
13H:2M:42S : appuie sur touche do Majeur
13H:2M:42S : appuie sur touche fa Majeur
13H:2M:42S : appuie sur touche mi Majeur
13H:2M:42S : appuie sur touche sol Majeur
13H:2M:42S : appuie sur touche si Majeur
13H:2M:43S : appuie sur touche sol Majeur
13H:2M:43S : appuie sur touche fa Majeur
13H:2M:43S : appuie sur touche la Majeur
13H:2M:43S : appuie sur touche fa Majeur
13H:2M:43S : appuie sur touche sol Majeur
13H:2M:43S : appuie sur touche mi Majeur
13H:2M:43S : appuie sur touche fa Majeur
13H:2M:44S : appuie sur touche sol Majeur
13H:2M:44S : appuie sur touche mi Majeur
13H:2M:44S : appuie sur touche fa Majeur
13H:2M:44S : appuie sur touche sol Majeur
13H:2M:44S : appuie sur touche mi Majeur
13H:2M:44S : appuie sur touche fa Majeur
13H:2M:44S : appuie sur touche sol Majeur
13H:2M:44S : appuie sur touche fa Majeur
13H:2M:45S : appuie sur touche sol Majeur
13H:2M:45S : appuie sur touche fa Majeur
13H:2M:45S : appuie sur touche fa Majeur
13H:2M:45S : appuie sur touche fa Majeur
13H:2M:50S : appuie sur touche mi Majeur
13H:2M:50S : appuie sur touche fa Majeur
13H:2M:50S : appuie sur touche sol Majeur
13H:2M:50S : appuie sur touche do Majeur
13H:2M:50S : appuie sur touche do Majeur
13H:2M:51S : appuie sur touche sol Majeur
13H:2M:51S : appuie sur touche re Majeur
13H:2M:51S : appuie sur touche sol Majeur
13H:2M:51S : appuie sur touche la Majeur
13H:2M:51S : appuie sur touche si Majeur
13H:2M:52S : appuie sur touche fa Majeur
13H:2M:52S : appuie sur touche sol Majeur
13H:2M:52S : appuie sur touche la Majeur
13H:2M:52S : appuie sur touche fa Majeur
13H:2M:52S : appuie sur touche sol Majeur
13H:2M:52S : appuie sur touche la Majeur
13H:2M:53S : appuie sur touche fa Majeur
13H:2M:53S : appuie sur touche sol Majeur
13H:2M:53S : appuie sur touche si Majeur
13H:2M:53S : appuie sur touche mi Majeur
13H:2M:53S : appuie sur touche fa Majeur
13H:2M:53S : appuie sur touche mi Majeur
13H:2M:53S : appuie sur touche la Majeur
13H:2M:54S : appuie sur touche fa Majeur
13H:2M:54S : appuie sur touche fa Majeur
13H:2M:54S : appuie sur touche sol Majeur
13H:2M:54S : appuie sur touche sol Majeur
13H:2M:55S : appuie sur touche fa Majeur
13H:2M:56S : appuie sur touche fa Majeur
