14H:7M:1S : DEBUT DU PROGRAMME
14H:7M:3S : appuie sur touche do Majeur
14H:7M:4S : appuie sur touche mi mineur
14H:7M:5S : appuie sur touche re# mineur
14H:7M:5S : appuie sur touche mi mineur
14H:7M:5S : appuie sur touche re# mineur
14H:7M:6S : appuie sur touche mi mineur
14H:7M:6S : appuie sur touche re# mineur
14H:7M:6S : appuie sur touche mi mineur
14H:7M:8S : appuie sur touche mi mineur
14H:7M:8S : appuie sur touche re# mineur
14H:7M:8S : appuie sur touche mi mineur
14H:7M:8S : appuie sur touche re# mineur
14H:7M:8S : appuie sur touche mi mineur
14H:7M:9S : appuie sur touche do mineur
14H:7M:9S : appuie sur touche la Majeur
14H:7M:10S : appuie sur touche mi mineur
14H:7M:10S : appuie sur touche re# mineur
14H:7M:10S : appuie sur touche mi mineur
14H:7M:11S : appuie sur touche re# mineur
14H:7M:11S : appuie sur touche mi mineur
14H:7M:11S : appuie sur touche si Majeur
14H:7M:14S : appuie sur touche re mineur
14H:7M:14S : appuie sur touche do mineur
14H:7M:14S : appuie sur touche la Majeur
14H:7M:18S : appuie sur touche mi Majeur
14H:7M:19S : appuie sur touche sol Majeur
14H:7M:20S : appuie sur touche mi Majeur
14H:7M:20S : appuie sur touche la Majeur
14H:7M:21S : appuie sur touche mi Majeur
14H:7M:21S : appuie sur touche fa Majeur
14H:7M:22S : appuie sur touche mi Majeur
14H:7M:23S : appuie sur touche sol# Majeur
14H:7M:23S : appuie sur touche mi Majeur
14H:7M:24S : appuie sur touche sol# Majeur
14H:7M:24S : appuie sur touche si Majeur
14H:7M:24S : appuie sur touche do mineur
14H:7M:26S : appuie sur touche mi Majeur
