\BOOKMARK [1][-]{section.1}{Introduction}{}% 1
\BOOKMARK [2][-]{subsection.1.1}{Motivation et but du projet}{section.1}% 2
\BOOKMARK [2][-]{subsection.1.2}{Interface g\351n\351rale}{section.1}% 3
\BOOKMARK [2][-]{subsection.1.3}{Plan}{section.1}% 4
\BOOKMARK [1][-]{section.2}{Diff\351rents \351l\351ments de l'interface}{}% 5
\BOOKMARK [2][-]{subsection.2.1}{Port\351e}{section.2}% 6
\BOOKMARK [3][-]{subsubsection.2.1.1}{Variabilit\351 de la port\351e}{subsection.2.1}% 7
\BOOKMARK [3][-]{subsubsection.2.1.2}{Clef de sol \046 Notes}{subsection.2.1}% 8
\BOOKMARK [3][-]{subsubsection.2.1.3}{Curseur de suivi}{subsection.2.1}% 9
\BOOKMARK [3][-]{subsubsection.2.1.4}{Correction}{subsection.2.1}% 10
\BOOKMARK [2][-]{subsection.2.2}{Menu}{section.2}% 11
\BOOKMARK [2][-]{subsection.2.3}{Couleur de fond}{section.2}% 12
\BOOKMARK [2][-]{subsection.2.4}{Piano}{section.2}% 13
\BOOKMARK [3][-]{subsubsection.2.4.1}{Pourquoi le Piano ?}{subsection.2.4}% 14
\BOOKMARK [3][-]{subsubsection.2.4.2}{Interactions}{subsection.2.4}% 15
\BOOKMARK [3][-]{subsubsection.2.4.3}{Couleurs}{subsection.2.4}% 16
\BOOKMARK [3][-]{subsubsection.2.4.4}{Bulles d'information}{subsection.2.4}% 17
\BOOKMARK [2][-]{subsection.2.5}{Raccourcis clavier}{section.2}% 18
\BOOKMARK [2][-]{subsection.2.6}{Affichage des raccourcis}{section.2}% 19
\BOOKMARK [2][-]{subsection.2.7}{Affichage du nom des notes}{section.2}% 20
\BOOKMARK [3][-]{subsubsection.2.7.1}{Repr\351sentation}{subsection.2.7}% 21
\BOOKMARK [2][-]{subsection.2.8}{Annuler la Note}{section.2}% 22
\BOOKMARK [2][-]{subsection.2.9}{Masquer les options}{section.2}% 23
\BOOKMARK [3][-]{subsubsection.2.9.1}{Pollution visuelle}{subsection.2.9}% 24
\BOOKMARK [3][-]{subsubsection.2.9.2}{Optimisation de l'espace}{subsection.2.9}% 25
\BOOKMARK [3][-]{subsubsection.2.9.3}{Nom}{subsection.2.9}% 26
\BOOKMARK [3][-]{subsubsection.2.9.4}{Position}{subsection.2.9}% 27
\BOOKMARK [2][-]{subsection.2.10}{Note de fin de session}{section.2}% 28
\BOOKMARK [2][-]{subsection.2.11}{Progression}{section.2}% 29
\BOOKMARK [2][-]{subsection.2.12}{Choix de partitions}{section.2}% 30
\BOOKMARK [2][-]{subsection.2.13}{Aide pour les d\351butants}{section.2}% 31
\BOOKMARK [3][-]{subsubsection.2.13.1}{Aide note apr\350s note}{subsection.2.13}% 32
\BOOKMARK [3][-]{subsubsection.2.13.2}{Partition mod\350le}{subsection.2.13}% 33
\BOOKMARK [2][-]{subsection.2.14}{Tutoriel au premier lancement}{section.2}% 34
\BOOKMARK [1][-]{section.3}{Paper Prototype}{}% 35
\BOOKMARK [2][-]{subsection.3.1}{Lien}{section.3}% 36
\BOOKMARK [2][-]{subsection.3.2}{Essais et cons\351quences}{section.3}% 37
\BOOKMARK [1][-]{section.4}{Test du logiciel par des cobayes}{}% 38
\BOOKMARK [2][-]{subsection.4.1}{Cobaye num\351ro 1: Johnna, 6ans1/2, CP}{section.4}% 39
\BOOKMARK [2][-]{subsection.4.2}{Cobaye num\351ro 2:Charline}{section.4}% 40
\BOOKMARK [1][-]{section.5}{Conclusion}{}% 41
